<?xml version="1.0" encoding="UTF-8"?>
<!-- Generated by org.testng.reporters.JUnitReportReporter -->
<testsuite hostname="DESKTOP-LS7N6V5" failures="0" tests="2" name="com.nopcommerce.tests.RegisterPageTest" time="39.389" errors="0" timestamp="2022-02-17T22:08:18 CST" skipped="0">
  <testcase classname="com.nopcommerce.tests.RegisterPageTest" name="registerNewUserTest" time="25.412"/>
  <system-out/>
  <testcase classname="com.nopcommerce.tests.RegisterPageTest" name="registerNewUserTest" time="13.977"/>
  <system-out/>
</testsuite> <!-- com.nopcommerce.tests.RegisterPageTest -->
