<?xml version="1.0" encoding="UTF-8"?>
<!-- Generated by org.testng.reporters.JUnitReportReporter -->
<testsuite hostname="DESKTOP-LS7N6V5" failures="0" tests="3" name="com.nopcommerce.tests.SearchPageTest" time="26.587" errors="0" timestamp="2022-02-17T22:08:18 CST" skipped="0">
  <testcase classname="com.nopcommerce.tests.SearchPageTest" name="verifySearchPageNameTest" time="4.745"/>
  <system-out/>
  <testcase classname="com.nopcommerce.tests.SearchPageTest" name="verifyManufactureDropdownListTest" time="15.347"/>
  <system-out/>
  <testcase classname="com.nopcommerce.tests.SearchPageTest" name="validateCategoryListTest" time="6.495"/>
  <system-out/>
</testsuite> <!-- com.nopcommerce.tests.SearchPageTest -->
